<?xml version="1.0" encoding="UTF-8"?>
<testng-results ignored="0" total="15" passed="15" failed="0" skipped="0">
  <reporter-output>
  </reporter-output>
  <suite started-at="2025-11-23T18:24:11 IST" name="JShop API Suite" finished-at="2025-11-23T18:24:16 IST" duration-ms="5096">
    <groups>
      <group name="regression">
        <method signature="UserControllerTest.saveUserDetails_mappedTest()[pri:0, instance:com.jshop.apitests.UserControllerTest@55183b20]" name="saveUserDetails_mappedTest" class="com.jshop.apitests.UserControllerTest"/>
        <method signature="UserControllerTest.loginUser_mappedTest()[pri:0, instance:com.jshop.apitests.UserControllerTest@55183b20]" name="loginUser_mappedTest" class="com.jshop.apitests.UserControllerTest"/>
        <method signature="AdminControllerTest.getAllProductOwner_mappedTest()[pri:0, instance:com.jshop.apitests.AdminControllerTest@4ec4f3a0]" name="getAllProductOwner_mappedTest" class="com.jshop.apitests.AdminControllerTest"/>
        <method signature="AdminControllerTest.getProductOwnerById_mappedTest()[pri:0, instance:com.jshop.apitests.AdminControllerTest@4ec4f3a0]" name="getProductOwnerById_mappedTest" class="com.jshop.apitests.AdminControllerTest"/>
        <method signature="AdminControllerTest.loginAdmin_mappedTest()[pri:0, instance:com.jshop.apitests.AdminControllerTest@4ec4f3a0]" name="loginAdmin_mappedTest" class="com.jshop.apitests.AdminControllerTest"/>
        <method signature="AdminControllerTest.saveAdmin_mappedTest()[pri:0, instance:com.jshop.apitests.AdminControllerTest@4ec4f3a0]" name="saveAdmin_mappedTest" class="com.jshop.apitests.AdminControllerTest"/>
        <method signature="AdminControllerTest.verifyProductByAdmin_mappedTest()[pri:0, instance:com.jshop.apitests.AdminControllerTest@4ec4f3a0]" name="verifyProductByAdmin_mappedTest" class="com.jshop.apitests.AdminControllerTest"/>
        <method signature="AdminControllerTest.verifyProductOwner_mappedTest()[pri:0, instance:com.jshop.apitests.AdminControllerTest@4ec4f3a0]" name="verifyProductOwner_mappedTest" class="com.jshop.apitests.AdminControllerTest"/>
        <method signature="OrderControllerTest.productOrder_mappedTest()[pri:0, instance:com.jshop.apitests.OrderControllerTest@5b8dfcc1]" name="productOrder_mappedTest" class="com.jshop.apitests.OrderControllerTest"/>
        <method signature="ProductControllerTest.deleteProduct_mappedTest()[pri:0, instance:com.jshop.apitests.ProductControllerTest@72967906]" name="deleteProduct_mappedTest" class="com.jshop.apitests.ProductControllerTest"/>
        <method signature="ProductControllerTest.saveProduct_mappedTest()[pri:0, instance:com.jshop.apitests.ProductControllerTest@72967906]" name="saveProduct_mappedTest" class="com.jshop.apitests.ProductControllerTest"/>
        <method signature="ProductControllerTest.updateProduct_mappedTest()[pri:0, instance:com.jshop.apitests.ProductControllerTest@72967906]" name="updateProduct_mappedTest" class="com.jshop.apitests.ProductControllerTest"/>
        <method signature="ProductOwnerControllerTest.loginWithOwner_mappedTest()[pri:0, instance:com.jshop.apitests.ProductOwnerControllerTest@35e2d654]" name="loginWithOwner_mappedTest" class="com.jshop.apitests.ProductOwnerControllerTest"/>
        <method signature="ProductOwnerControllerTest.saveProductOwner_mappedTest()[pri:0, instance:com.jshop.apitests.ProductOwnerControllerTest@35e2d654]" name="saveProductOwner_mappedTest" class="com.jshop.apitests.ProductOwnerControllerTest"/>
        <method signature="UserCartControllerTest.userCartInsert_mappedTest()[pri:0, instance:com.jshop.apitests.UserCartControllerTest@1bd4fdd]" name="userCartInsert_mappedTest" class="com.jshop.apitests.UserCartControllerTest"/>
      </group> <!-- regression -->
      <group name="api">
        <method signature="UserControllerTest.saveUserDetails_mappedTest()[pri:0, instance:com.jshop.apitests.UserControllerTest@55183b20]" name="saveUserDetails_mappedTest" class="com.jshop.apitests.UserControllerTest"/>
        <method signature="UserControllerTest.loginUser_mappedTest()[pri:0, instance:com.jshop.apitests.UserControllerTest@55183b20]" name="loginUser_mappedTest" class="com.jshop.apitests.UserControllerTest"/>
        <method signature="AdminControllerTest.getAllProductOwner_mappedTest()[pri:0, instance:com.jshop.apitests.AdminControllerTest@4ec4f3a0]" name="getAllProductOwner_mappedTest" class="com.jshop.apitests.AdminControllerTest"/>
        <method signature="AdminControllerTest.getProductOwnerById_mappedTest()[pri:0, instance:com.jshop.apitests.AdminControllerTest@4ec4f3a0]" name="getProductOwnerById_mappedTest" class="com.jshop.apitests.AdminControllerTest"/>
        <method signature="AdminControllerTest.loginAdmin_mappedTest()[pri:0, instance:com.jshop.apitests.AdminControllerTest@4ec4f3a0]" name="loginAdmin_mappedTest" class="com.jshop.apitests.AdminControllerTest"/>
        <method signature="AdminControllerTest.saveAdmin_mappedTest()[pri:0, instance:com.jshop.apitests.AdminControllerTest@4ec4f3a0]" name="saveAdmin_mappedTest" class="com.jshop.apitests.AdminControllerTest"/>
        <method signature="AdminControllerTest.verifyProductByAdmin_mappedTest()[pri:0, instance:com.jshop.apitests.AdminControllerTest@4ec4f3a0]" name="verifyProductByAdmin_mappedTest" class="com.jshop.apitests.AdminControllerTest"/>
        <method signature="AdminControllerTest.verifyProductOwner_mappedTest()[pri:0, instance:com.jshop.apitests.AdminControllerTest@4ec4f3a0]" name="verifyProductOwner_mappedTest" class="com.jshop.apitests.AdminControllerTest"/>
        <method signature="OrderControllerTest.productOrder_mappedTest()[pri:0, instance:com.jshop.apitests.OrderControllerTest@5b8dfcc1]" name="productOrder_mappedTest" class="com.jshop.apitests.OrderControllerTest"/>
        <method signature="ProductControllerTest.deleteProduct_mappedTest()[pri:0, instance:com.jshop.apitests.ProductControllerTest@72967906]" name="deleteProduct_mappedTest" class="com.jshop.apitests.ProductControllerTest"/>
        <method signature="ProductControllerTest.saveProduct_mappedTest()[pri:0, instance:com.jshop.apitests.ProductControllerTest@72967906]" name="saveProduct_mappedTest" class="com.jshop.apitests.ProductControllerTest"/>
        <method signature="ProductControllerTest.updateProduct_mappedTest()[pri:0, instance:com.jshop.apitests.ProductControllerTest@72967906]" name="updateProduct_mappedTest" class="com.jshop.apitests.ProductControllerTest"/>
        <method signature="ProductOwnerControllerTest.loginWithOwner_mappedTest()[pri:0, instance:com.jshop.apitests.ProductOwnerControllerTest@35e2d654]" name="loginWithOwner_mappedTest" class="com.jshop.apitests.ProductOwnerControllerTest"/>
        <method signature="ProductOwnerControllerTest.saveProductOwner_mappedTest()[pri:0, instance:com.jshop.apitests.ProductOwnerControllerTest@35e2d654]" name="saveProductOwner_mappedTest" class="com.jshop.apitests.ProductOwnerControllerTest"/>
        <method signature="UserCartControllerTest.userCartInsert_mappedTest()[pri:0, instance:com.jshop.apitests.UserCartControllerTest@1bd4fdd]" name="userCartInsert_mappedTest" class="com.jshop.apitests.UserCartControllerTest"/>
      </group> <!-- api -->
    </groups>
    <test started-at="2025-11-23T18:24:11 IST" name="API Tests" finished-at="2025-11-23T18:24:16 IST" duration-ms="5096">
      <class name="com.jshop.apitests.UserCartControllerTest">
        <test-method signature="userCartInsert_mappedTest()[pri:0, instance:com.jshop.apitests.UserCartControllerTest@1bd4fdd]" started-at="2025-11-23T18:24:16 IST" name="userCartInsert_mappedTest" finished-at="2025-11-23T18:24:16 IST" duration-ms="47" status="PASS">
          <reporter-output>
          </reporter-output>
        </test-method> <!-- userCartInsert_mappedTest -->
      </class> <!-- com.jshop.apitests.UserCartControllerTest -->
      <class name="com.jshop.apitests.ProductOwnerControllerTest">
        <test-method signature="loginWithOwner_mappedTest()[pri:0, instance:com.jshop.apitests.ProductOwnerControllerTest@35e2d654]" started-at="2025-11-23T18:24:16 IST" name="loginWithOwner_mappedTest" finished-at="2025-11-23T18:24:16 IST" duration-ms="47" status="PASS">
          <reporter-output>
          </reporter-output>
        </test-method> <!-- loginWithOwner_mappedTest -->
        <test-method signature="saveProductOwner_mappedTest()[pri:0, instance:com.jshop.apitests.ProductOwnerControllerTest@35e2d654]" started-at="2025-11-23T18:24:16 IST" name="saveProductOwner_mappedTest" finished-at="2025-11-23T18:24:16 IST" duration-ms="41" status="PASS">
          <reporter-output>
          </reporter-output>
        </test-method> <!-- saveProductOwner_mappedTest -->
      </class> <!-- com.jshop.apitests.ProductOwnerControllerTest -->
      <class name="com.jshop.apitests.UserControllerTest">
        <test-method signature="saveUserDetails_mappedTest()[pri:0, instance:com.jshop.apitests.UserControllerTest@55183b20]" started-at="2025-11-23T18:24:16 IST" name="saveUserDetails_mappedTest" finished-at="2025-11-23T18:24:16 IST" duration-ms="47" status="PASS">
          <reporter-output>
          </reporter-output>
        </test-method> <!-- saveUserDetails_mappedTest -->
        <test-method signature="loginUser_mappedTest()[pri:0, instance:com.jshop.apitests.UserControllerTest@55183b20]" started-at="2025-11-23T18:24:16 IST" name="loginUser_mappedTest" finished-at="2025-11-23T18:24:16 IST" depends-on-methods="com.jshop.apitests.UserControllerTest.saveUserDetails_mappedTest" duration-ms="60" status="PASS">
          <reporter-output>
          </reporter-output>
        </test-method> <!-- loginUser_mappedTest -->
      </class> <!-- com.jshop.apitests.UserControllerTest -->
      <class name="com.jshop.apitests.AdminControllerTest">
        <test-method signature="getAllProductOwner_mappedTest()[pri:0, instance:com.jshop.apitests.AdminControllerTest@4ec4f3a0]" started-at="2025-11-23T18:24:11 IST" name="getAllProductOwner_mappedTest" finished-at="2025-11-23T18:24:15 IST" duration-ms="3685" status="PASS">
          <reporter-output>
          </reporter-output>
        </test-method> <!-- getAllProductOwner_mappedTest -->
        <test-method signature="getProductOwnerById_mappedTest()[pri:0, instance:com.jshop.apitests.AdminControllerTest@4ec4f3a0]" started-at="2025-11-23T18:24:15 IST" name="getProductOwnerById_mappedTest" finished-at="2025-11-23T18:24:15 IST" duration-ms="179" status="PASS">
          <reporter-output>
          </reporter-output>
        </test-method> <!-- getProductOwnerById_mappedTest -->
        <test-method signature="loginAdmin_mappedTest()[pri:0, instance:com.jshop.apitests.AdminControllerTest@4ec4f3a0]" started-at="2025-11-23T18:24:15 IST" name="loginAdmin_mappedTest" finished-at="2025-11-23T18:24:15 IST" duration-ms="201" status="PASS">
          <reporter-output>
          </reporter-output>
        </test-method> <!-- loginAdmin_mappedTest -->
        <test-method signature="saveAdmin_mappedTest()[pri:0, instance:com.jshop.apitests.AdminControllerTest@4ec4f3a0]" started-at="2025-11-23T18:24:15 IST" name="saveAdmin_mappedTest" finished-at="2025-11-23T18:24:16 IST" duration-ms="186" status="PASS">
          <reporter-output>
          </reporter-output>
        </test-method> <!-- saveAdmin_mappedTest -->
        <test-method signature="verifyProductByAdmin_mappedTest()[pri:0, instance:com.jshop.apitests.AdminControllerTest@4ec4f3a0]" started-at="2025-11-23T18:24:16 IST" name="verifyProductByAdmin_mappedTest" finished-at="2025-11-23T18:24:16 IST" duration-ms="42" status="PASS">
          <reporter-output>
          </reporter-output>
        </test-method> <!-- verifyProductByAdmin_mappedTest -->
        <test-method signature="verifyProductOwner_mappedTest()[pri:0, instance:com.jshop.apitests.AdminControllerTest@4ec4f3a0]" started-at="2025-11-23T18:24:16 IST" name="verifyProductOwner_mappedTest" finished-at="2025-11-23T18:24:16 IST" duration-ms="131" status="PASS">
          <reporter-output>
          </reporter-output>
        </test-method> <!-- verifyProductOwner_mappedTest -->
      </class> <!-- com.jshop.apitests.AdminControllerTest -->
      <class name="com.jshop.apitests.ProductControllerTest">
        <test-method signature="deleteProduct_mappedTest()[pri:0, instance:com.jshop.apitests.ProductControllerTest@72967906]" started-at="2025-11-23T18:24:16 IST" name="deleteProduct_mappedTest" finished-at="2025-11-23T18:24:16 IST" duration-ms="81" status="PASS">
          <reporter-output>
          </reporter-output>
        </test-method> <!-- deleteProduct_mappedTest -->
        <test-method signature="saveProduct_mappedTest()[pri:0, instance:com.jshop.apitests.ProductControllerTest@72967906]" started-at="2025-11-23T18:24:16 IST" name="saveProduct_mappedTest" finished-at="2025-11-23T18:24:16 IST" duration-ms="63" status="PASS">
          <reporter-output>
          </reporter-output>
        </test-method> <!-- saveProduct_mappedTest -->
        <test-method signature="updateProduct_mappedTest()[pri:0, instance:com.jshop.apitests.ProductControllerTest@72967906]" started-at="2025-11-23T18:24:16 IST" name="updateProduct_mappedTest" finished-at="2025-11-23T18:24:16 IST" duration-ms="39" status="PASS">
          <reporter-output>
          </reporter-output>
        </test-method> <!-- updateProduct_mappedTest -->
      </class> <!-- com.jshop.apitests.ProductControllerTest -->
      <class name="com.jshop.apitests.OrderControllerTest">
        <test-method signature="productOrder_mappedTest()[pri:0, instance:com.jshop.apitests.OrderControllerTest@5b8dfcc1]" started-at="2025-11-23T18:24:16 IST" name="productOrder_mappedTest" finished-at="2025-11-23T18:24:16 IST" duration-ms="63" status="PASS">
          <reporter-output>
          </reporter-output>
        </test-method> <!-- productOrder_mappedTest -->
      </class> <!-- com.jshop.apitests.OrderControllerTest -->
    </test> <!-- API Tests -->
  </suite> <!-- JShop API Suite -->
</testng-results>
