<?xml version="1.0" encoding="UTF-8"?>
<!-- Generated by org.testng.reporters.JUnitXMLReporter -->
<testsuite ignored="2" hostname="HP" failures="0" tests="15" name="API Tests" time="5.096" errors="0" timestamp="2025-11-23T18:24:16 IST">
  <testcase classname="com.jshop.apitests.AdminControllerTest" name="getAllProductOwner_mappedTest" time="3.685"/>
  <testcase classname="com.jshop.apitests.AdminControllerTest" name="getProductOwnerById_mappedTest" time="0.179"/>
  <testcase classname="com.jshop.apitests.AdminControllerTest" name="loginAdmin_mappedTest" time="0.201"/>
  <testcase classname="com.jshop.apitests.AdminControllerTest" name="saveAdmin_mappedTest" time="0.186"/>
  <testcase classname="com.jshop.apitests.AdminControllerTest" name="verifyProductByAdmin_mappedTest" time="0.042"/>
  <testcase classname="com.jshop.apitests.AdminControllerTest" name="verifyProductOwner_mappedTest" time="0.131"/>
  <testcase classname="com.jshop.apitests.ProductControllerTest" name="deleteProduct_mappedTest" time="0.081"/>
  <testcase classname="com.jshop.apitests.ProductControllerTest" name="saveProduct_mappedTest" time="0.063"/>
  <testcase classname="com.jshop.apitests.ProductControllerTest" name="updateProduct_mappedTest" time="0.039"/>
  <testcase classname="com.jshop.apitests.OrderControllerTest" name="productOrder_mappedTest" time="0.063"/>
  <testcase classname="com.jshop.apitests.ProductOwnerControllerTest" name="loginWithOwner_mappedTest" time="0.047"/>
  <testcase classname="com.jshop.apitests.ProductOwnerControllerTest" name="saveProductOwner_mappedTest" time="0.041"/>
  <testcase classname="com.jshop.apitests.UserCartControllerTest" name="userCartInsert_mappedTest" time="0.047"/>
  <testcase classname="com.jshop.apitests.UserControllerTest" name="saveUserDetails_mappedTest" time="0.047"/>
  <testcase classname="com.jshop.apitests.UserControllerTest" name="loginUser_mappedTest" time="0.06"/>
  <testcase classname="com.jshop.apitests.UserControllerTest" name="updateUser_mappedTest" time="0.0">
    <ignored/>
  </testcase> <!-- updateUser_mappedTest -->
  <testcase classname="com.jshop.apitests.ProductOwnerControllerTest" name="updateProductOwner_mappedTest" time="0.0">
    <ignored/>
  </testcase> <!-- updateProductOwner_mappedTest -->
</testsuite> <!-- API Tests -->
