<?xml version="1.0" encoding="UTF-8"?>
<!-- Generated by org.testng.reporters.JUnitReportReporter -->
<testsuite hostname="HP" failures="0" tests="3" name="com.jshop.apitests.ProductControllerTest" time="0.183" errors="0" timestamp="2025-11-23T18:24:18 IST" skipped="0">
  <testcase classname="com.jshop.apitests.ProductControllerTest" name="deleteProduct_mappedTest" time="0.081"/>
  <testcase classname="com.jshop.apitests.ProductControllerTest" name="saveProduct_mappedTest" time="0.063"/>
  <testcase classname="com.jshop.apitests.ProductControllerTest" name="updateProduct_mappedTest" time="0.039"/>
</testsuite> <!-- com.jshop.apitests.ProductControllerTest -->
