<?xml version="1.0" encoding="UTF-8"?>
<!-- Generated by org.testng.reporters.JUnitReportReporter -->
<testsuite hostname="HP" failures="0" tests="3" name="com.jshop.apitests.UserControllerTest" time="0.107" errors="0" timestamp="2025-11-23T18:24:18 IST" skipped="1">
  <testcase classname="com.jshop.apitests.UserControllerTest" name="loginUser_mappedTest" time="0.060"/>
  <testcase classname="com.jshop.apitests.UserControllerTest" name="saveUserDetails_mappedTest" time="0.047"/>
  <testcase classname="com.jshop.apitests.UserControllerTest" name="updateUser_mappedTest">
    <skipped/>
  </testcase> <!-- updateUser_mappedTest -->
</testsuite> <!-- com.jshop.apitests.UserControllerTest -->
