<?xml version="1.0" encoding="UTF-8"?>
<!-- Generated by org.testng.reporters.JUnitReportReporter -->
<testsuite hostname="HP" failures="0" tests="6" name="com.jshop.apitests.AdminControllerTest" time="4.424" errors="0" timestamp="2025-11-23T18:24:18 IST" skipped="0">
  <testcase classname="com.jshop.apitests.AdminControllerTest" name="verifyProductOwner_mappedTest" time="0.131"/>
  <testcase classname="com.jshop.apitests.AdminControllerTest" name="saveAdmin_mappedTest" time="0.186"/>
  <testcase classname="com.jshop.apitests.AdminControllerTest" name="loginAdmin_mappedTest" time="0.201"/>
  <testcase classname="com.jshop.apitests.AdminControllerTest" name="getProductOwnerById_mappedTest" time="0.179"/>
  <testcase classname="com.jshop.apitests.AdminControllerTest" name="verifyProductByAdmin_mappedTest" time="0.042"/>
  <testcase classname="com.jshop.apitests.AdminControllerTest" name="getAllProductOwner_mappedTest" time="3.685"/>
</testsuite> <!-- com.jshop.apitests.AdminControllerTest -->
