<?xml version="1.0" encoding="UTF-8"?>
<!-- Generated by org.testng.reporters.JUnitReportReporter -->
<testsuite hostname="HP" failures="0" tests="3" name="com.jshop.apitests.ProductOwnerControllerTest" time="0.088" errors="0" timestamp="2025-11-23T18:24:18 IST" skipped="1">
  <testcase classname="com.jshop.apitests.ProductOwnerControllerTest" name="loginWithOwner_mappedTest" time="0.047"/>
  <testcase classname="com.jshop.apitests.ProductOwnerControllerTest" name="saveProductOwner_mappedTest" time="0.041"/>
  <testcase classname="com.jshop.apitests.ProductOwnerControllerTest" name="updateProductOwner_mappedTest">
    <skipped/>
  </testcase> <!-- updateProductOwner_mappedTest -->
</testsuite> <!-- com.jshop.apitests.ProductOwnerControllerTest -->
